<?xml version="1.0" encoding="UTF-8"?>
<testsuite xmlns:xsi="http://www.w3.org/2001/XMLSchema-instance" xsi:noNamespaceSchemaLocation="https://maven.apache.org/surefire/maven-surefire-plugin/xsd/surefire-test-report.xsd" name="test.api.TestRunner" time="3.825" tests="1" errors="0" skipped="0" failures="1">
  <properties>
[...]
</properties>
  <testcase name="runTest[1][1]" classname="test.api.TestRunner" time="2.033">
    <failure message="status code was: 400, expected: 201, response time in milliseconds: 223, url: https://tek-insurance-api.azurewebsites.net/api/accounts/add-primary-account, response: &#10;{&quot;errorCode&quot;:&quot;ACCOUNT_EXIST&quot;,&quot;httpStatus&quot;:&quot;BAD_REQUEST&quot;,&quot;errorMessage&quot;:&quot;Account with Email karate.phantom@tekschool.us is exist&quot;}&#10;classpath:features/CreateAccount.feature:25" type="org.opentest4j.AssertionFailedError">org.opentest4j.AssertionFailedError: 
status code was: 400, expected: 201, response time in milliseconds: 223, url: https://tek-insurance-api.azurewebsites.net/api/accounts/add-primary-account, response: 
{"errorCode":"ACCOUNT_EXIST","httpStatus":"BAD_REQUEST","errorMessage":"Account with Email karate.phantom@tekschool.us is exist"}
classpath:features/CreateAccount.feature:25
</failure>
    <system-out><![CDATA[14:44:12.251 [main] DEBUG com.intuit.karate.Suite - [config] classpath:karate-config.js
14:44:13.229 [main] INFO  com.intuit.karate - karate.env system property was: null 
14:44:13.648 [main] DEBUG com.intuit.karate - request:
1 > POST https://tek-insurance-api.azurewebsites.net/api/token
1 > Content-Type: application/json; charset=UTF-8
1 > Content-Length: 53
1 > Host: tek-insurance-api.azurewebsites.net
1 > Connection: Keep-Alive
1 > User-Agent: Apache-HttpClient/4.5.13 (Java/11.0.16.1)
1 > Accept-Encoding: gzip,deflate
{"username":"supervisor","password":"tek_supervisor"}

14:44:14.238 [main] DEBUG com.intuit.karate - response time in milliseconds: 587
1 < 200
1 < Content-Type: application/json
1 < Date: Tue, 21 Mar 2023 18:45:43 GMT
1 < Cache-Control: no-cache, no-store, max-age=0, must-revalidate
1 < Expires: 0
1 < Pragma: no-cache
1 < Transfer-Encoding: chunked
1 < Vary: Origin
1 < Vary: Access-Control-Request-Method
1 < Vary: Access-Control-Request-Headers
1 < X-Content-Type-Options: nosniff
1 < X-XSS-Protection: 1; mode=block
1 < Strict-Transport-Security: max-age=31536000 ; includeSubDomains
1 < X-Frame-Options: DENY
{"fullName":"Supervisor","username":"SUPERVISOR","token":"eyJraWQiOiJUZWtzY2hvb2wgSW5zdXJhbmNlIEFwcGxpY2F0aW9uIiwidHlwIjoiSldUIiwiYWxnIjoiSFM1MTIifQ.eyJhdWQiOiJVc2VyIG1hbmFnZW1lbnQgcG9ydGFsIiwic3ViIjoiU1VQRVJWSVNPUiIsImlzcyI6IlRlayBJbnN1cmFuY2UgQXBwbGljYXRpb24iLCJBdXRob3JpdGllcyI6WyJBRE1JTiJdLCJleHAiOjE2Nzk1MTA3NDMsImlhdCI6MTY3OTQyNDM0M30.0OGDprBXX70fVBEph6UnGBsXm-MjSHjTJsJcvu5rAqsMxkuCD1P6BCpQJ1SCXIOYo9z-sY4xfJvcfGQRO-vEfg","generateDate":1679424343653,"accountType":"CSR"}

14:44:14.245 [main] INFO  com.intuit.karate - [print] {
  "fullName": "Supervisor",
  "username": "SUPERVISOR",
  "token": "eyJraWQiOiJUZWtzY2hvb2wgSW5zdXJhbmNlIEFwcGxpY2F0aW9uIiwidHlwIjoiSldUIiwiYWxnIjoiSFM1MTIifQ.eyJhdWQiOiJVc2VyIG1hbmFnZW1lbnQgcG9ydGFsIiwic3ViIjoiU1VQRVJWSVNPUiIsImlzcyI6IlRlayBJbnN1cmFuY2UgQXBwbGljYXRpb24iLCJBdXRob3JpdGllcyI6WyJBRE1JTiJdLCJleHAiOjE2Nzk1MTA3NDMsImlhdCI6MTY3OTQyNDM0M30.0OGDprBXX70fVBEph6UnGBsXm-MjSHjTJsJcvu5rAqsMxkuCD1P6BCpQJ1SCXIOYo9z-sY4xfJvcfGQRO-vEfg",
  "generateDate": 1679424343653,
  "accountType": "CSR"
}
 
14:44:14.249 [main] INFO  com.intuit.karate - [print] eyJraWQiOiJUZWtzY2hvb2wgSW5zdXJhbmNlIEFwcGxpY2F0aW9uIiwidHlwIjoiSldUIiwiYWxnIjoiSFM1MTIifQ.eyJhdWQiOiJVc2VyIG1hbmFnZW1lbnQgcG9ydGFsIiwic3ViIjoiU1VQRVJWSVNPUiIsImlzcyI6IlRlayBJbnN1cmFuY2UgQXBwbGljYXRpb24iLCJBdXRob3JpdGllcyI6WyJBRE1JTiJdLCJleHAiOjE2Nzk1MTA3NDMsImlhdCI6MTY3OTQyNDM0M30.0OGDprBXX70fVBEph6UnGBsXm-MjSHjTJsJcvu5rAqsMxkuCD1P6BCpQJ1SCXIOYo9z-sY4xfJvcfGQRO-vEfg 
14:44:14.258 [main] DEBUG com.intuit.karate - request:
1 > POST https://tek-insurance-api.azurewebsites.net/api/accounts/add-primary-account
1 > Authorization: Bearer eyJraWQiOiJUZWtzY2hvb2wgSW5zdXJhbmNlIEFwcGxpY2F0aW9uIiwidHlwIjoiSldUIiwiYWxnIjoiSFM1MTIifQ.eyJhdWQiOiJVc2VyIG1hbmFnZW1lbnQgcG9ydGFsIiwic3ViIjoiU1VQRVJWSVNPUiIsImlzcyI6IlRlayBJbnN1cmFuY2UgQXBwbGljYXRpb24iLCJBdXRob3JpdGllcyI6WyJBRE1JTiJdLCJleHAiOjE2Nzk1MTA3NDMsImlhdCI6MTY3OTQyNDM0M30.0OGDprBXX70fVBEph6UnGBsXm-MjSHjTJsJcvu5rAqsMxkuCD1P6BCpQJ1SCXIOYo9z-sY4xfJvcfGQRO-vEfg
1 > Content-Type: application/json; charset=UTF-8
1 > Content-Length: 211
1 > Host: tek-insurance-api.azurewebsites.net
1 > Connection: Keep-Alive
1 > User-Agent: Apache-HttpClient/4.5.13 (Java/11.0.16.1)
1 > Accept-Encoding: gzip,deflate
{"id":0,"email":"karate.phantom@tekschool.us","firstName":"karate","lastName":"phantom","title":"Mr.","gender":"MALE","maritalStatus":"MARRIED","employmentStatus":"student","dateOfBirth":"2000-01-12","new":true}

14:44:14.484 [main] DEBUG com.intuit.karate - response time in milliseconds: 223
1 < 400
1 < Content-Type: application/json
1 < Date: Tue, 21 Mar 2023 18:45:43 GMT
1 < Cache-Control: no-cache, no-store, max-age=0, must-revalidate
1 < Expires: 0
1 < Pragma: no-cache
1 < Set-Cookie: JSESSIONID=BFDEFE11F18444B4C3DF2734857F7DEC; Path=/; Secure; HttpOnly
1 < Transfer-Encoding: chunked
1 < Vary: Origin
1 < Vary: Access-Control-Request-Method
1 < Vary: Access-Control-Request-Headers
1 < X-Content-Type-Options: nosniff
1 < X-XSS-Protection: 1; mode=block
1 < Strict-Transport-Security: max-age=31536000 ; includeSubDomains
1 < X-Frame-Options: DENY
{"errorCode":"ACCOUNT_EXIST","httpStatus":"BAD_REQUEST","errorMessage":"Account with Email karate.phantom@tekschool.us is exist"}

14:44:14.486 [main] ERROR com.intuit.karate - classpath:features/CreateAccount.feature:25
* status 201
status code was: 400, expected: 201, response time in milliseconds: 223, url: https://tek-insurance-api.azurewebsites.net/api/accounts/add-primary-account, response: 
{"errorCode":"ACCOUNT_EXIST","httpStatus":"BAD_REQUEST","errorMessage":"Account with Email karate.phantom@tekschool.us is exist"}
classpath:features/CreateAccount.feature:25
---------------------------------------------------------
feature: classpath:features/CreateAccount.feature
scenarios:  1 | passed:  0 | failed:  1 | time: 1.2249
---------------------------------------------------------

]]></system-out>
  </testcase>
</testsuite>